2013/03/20 20:56:21 [error] [php] opendir(/var/www/wiro-boilerplate/common/tests/fixtures): failed to open dir: No such file or directory (/var/www/yii-1.1.13.e9e4a0/test/CDbFixtureManager.php:207)
Stack trace:
#0 /var/www/yii-1.1.13.e9e4a0/test/CDbFixtureManager.php(87): CDbFixtureManager->prepare()
#1 /var/www/yii-1.1.13.e9e4a0/base/CModule.php(387): CDbFixtureManager->init()
#2 /var/www/yii-1.1.13.e9e4a0/test/CDbTestCase.php(85): CWebApplication->getComponent()
#3 /var/www/yii-1.1.13.e9e4a0/test/CDbTestCase.php(117): DbConfigValueTest->getFixtureManager()
#4 /usr/share/php/PHPUnit/Framework/TestCase.php(821): DbConfigValueTest->setUp()
#5 /usr/share/php/PHPUnit/Framework/TestResult.php(648): DbConfigValueTest->runBare()
#6 /usr/share/php/PHPUnit/Framework/TestCase.php(769): PHPUnit_Framework_TestResult->run()
#7 /usr/share/php/PHPUnit/Framework/TestSuite.php(775): DbConfigValueTest->run()
#8 /usr/share/php/PHPUnit/Framework/TestSuite.php(745): PHPUnit_Framework_TestSuite->runTest()
#9 /usr/share/php/PHPUnit/Framework/TestSuite.php(705): PHPUnit_Framework_TestSuite->run()
#10 /usr/share/php/PHPUnit/TextUI/TestRunner.php(346): NetBeansSuite->run()
#11 /usr/share/php/PHPUnit/TextUI/Command.php(176): PHPUnit_TextUI_TestRunner->doRun()
#12 /usr/share/php/PHPUnit/TextUI/Command.php(129): PHPUnit_TextUI_Command->run()
#13 /usr/bin/phpunit(46): main()

2013/03/21 10:14:04 [error] [php] Undefined index: key (/home/wirus/www/wiro-boilerplate/common/components/config/DbConfig.php:33)
Stack trace:
#0 /usr/share/php/PHPUnit/Framework/TestCase.php(942): ReflectionMethod->invokeArgs()
#1 /usr/share/php/PHPUnit/Framework/TestCase.php(804): DbConfigTest->runTest()
#2 /usr/share/php/PHPUnit/Framework/TestResult.php(649): DbConfigTest->runBare()
#3 /usr/share/php/PHPUnit/Framework/TestCase.php(751): PHPUnit_Framework_TestResult->run()
#4 /usr/share/php/PHPUnit/Framework/TestSuite.php(772): DbConfigTest->run()
#5 /usr/share/php/PHPUnit/Framework/TestSuite.php(745): PHPUnit_Framework_TestSuite->runTest()
#6 /usr/share/php/PHPUnit/Framework/TestSuite.php(705): PHPUnit_Framework_TestSuite->run()
#7 /usr/share/php/PHPUnit/TextUI/TestRunner.php(325): NetBeansSuite->run()
#8 /usr/share/php/PHPUnit/TextUI/Command.php(192): PHPUnit_TextUI_TestRunner->doRun()
#9 /usr/share/php/PHPUnit/TextUI/Command.php(130): PHPUnit_TextUI_Command->run()
#10 /usr/bin/phpunit(46): main()

2013/03/21 10:23:13 [error] [php] Trying to get property of non-object (/home/wirus/www/wiro-boilerplate/test/unit/DbConfigTest.php:22)
Stack trace:
#0 /usr/share/php/PHPUnit/Framework/TestCase.php(804): DbConfigTest->runTest()
#1 /usr/share/php/PHPUnit/Framework/TestResult.php(649): DbConfigTest->runBare()
#2 /usr/share/php/PHPUnit/Framework/TestCase.php(751): PHPUnit_Framework_TestResult->run()
#3 /usr/share/php/PHPUnit/Framework/TestSuite.php(772): DbConfigTest->run()
#4 /usr/share/php/PHPUnit/Framework/TestSuite.php(745): PHPUnit_Framework_TestSuite->runTest()
#5 /usr/share/php/PHPUnit/Framework/TestSuite.php(705): PHPUnit_Framework_TestSuite->run()
#6 /usr/share/php/PHPUnit/TextUI/TestRunner.php(325): NetBeansSuite->run()
#7 /usr/share/php/PHPUnit/TextUI/Command.php(192): PHPUnit_TextUI_TestRunner->doRun()
#8 /usr/share/php/PHPUnit/TextUI/Command.php(130): PHPUnit_TextUI_Command->run()
#9 /usr/bin/phpunit(46): main()

2013/03/21 10:24:36 [error] [php] Trying to get property of non-object (/home/wirus/www/wiro-boilerplate/test/unit/DbConfigTest.php:22)
Stack trace:
#0 /usr/share/php/PHPUnit/Framework/TestCase.php(804): DbConfigTest->runTest()
#1 /usr/share/php/PHPUnit/Framework/TestResult.php(649): DbConfigTest->runBare()
#2 /usr/share/php/PHPUnit/Framework/TestCase.php(751): PHPUnit_Framework_TestResult->run()
#3 /usr/share/php/PHPUnit/Framework/TestSuite.php(772): DbConfigTest->run()
#4 /usr/share/php/PHPUnit/Framework/TestSuite.php(745): PHPUnit_Framework_TestSuite->runTest()
#5 /usr/share/php/PHPUnit/Framework/TestSuite.php(705): PHPUnit_Framework_TestSuite->run()
#6 /usr/share/php/PHPUnit/TextUI/TestRunner.php(325): NetBeansSuite->run()
#7 /usr/share/php/PHPUnit/TextUI/Command.php(192): PHPUnit_TextUI_TestRunner->doRun()
#8 /usr/share/php/PHPUnit/TextUI/Command.php(130): PHPUnit_TextUI_Command->run()
#9 /usr/bin/phpunit(46): main()

2013/03/21 10:25:54 [error] [php] Trying to get property of non-object (/home/wirus/www/wiro-boilerplate/test/unit/DbConfigTest.php:22)
Stack trace:
#0 /usr/share/php/PHPUnit/Framework/TestCase.php(804): DbConfigTest->runTest()
#1 /usr/share/php/PHPUnit/Framework/TestResult.php(649): DbConfigTest->runBare()
#2 /usr/share/php/PHPUnit/Framework/TestCase.php(751): PHPUnit_Framework_TestResult->run()
#3 /usr/share/php/PHPUnit/Framework/TestSuite.php(772): DbConfigTest->run()
#4 /usr/share/php/PHPUnit/Framework/TestSuite.php(745): PHPUnit_Framework_TestSuite->runTest()
#5 /usr/share/php/PHPUnit/Framework/TestSuite.php(705): PHPUnit_Framework_TestSuite->run()
#6 /usr/share/php/PHPUnit/TextUI/TestRunner.php(325): NetBeansSuite->run()
#7 /usr/share/php/PHPUnit/TextUI/Command.php(192): PHPUnit_TextUI_TestRunner->doRun()
#8 /usr/share/php/PHPUnit/TextUI/Command.php(130): PHPUnit_TextUI_Command->run()
#9 /usr/bin/phpunit(46): main()

in /home/wirus/www/wiro-boilerplate/test/unit/DbConfigTest.php (22)
in /usr/share/php/PHPUnit/Framework/TestCase.php (942)
in /usr/share/php/PHPUnit/Framework/TestCase.php (804)
2013/03/21 10:26:21 [error] [php] Trying to get property of non-object (/home/wirus/www/wiro-boilerplate/test/unit/DbConfigTest.php:22)
Stack trace:
#0 /usr/share/php/PHPUnit/Framework/TestCase.php(804): DbConfigTest->runTest()
#1 /usr/share/php/PHPUnit/Framework/TestResult.php(649): DbConfigTest->runBare()
#2 /usr/share/php/PHPUnit/Framework/TestCase.php(751): PHPUnit_Framework_TestResult->run()
#3 /usr/share/php/PHPUnit/Framework/TestSuite.php(772): DbConfigTest->run()
#4 /usr/share/php/PHPUnit/Framework/TestSuite.php(745): PHPUnit_Framework_TestSuite->runTest()
#5 /usr/share/php/PHPUnit/Framework/TestSuite.php(705): PHPUnit_Framework_TestSuite->run()
#6 /usr/share/php/PHPUnit/TextUI/TestRunner.php(325): NetBeansSuite->run()
#7 /usr/share/php/PHPUnit/TextUI/Command.php(192): PHPUnit_TextUI_TestRunner->doRun()
#8 /usr/share/php/PHPUnit/TextUI/Command.php(130): PHPUnit_TextUI_Command->run()
#9 /usr/bin/phpunit(46): main()

in /home/wirus/www/wiro-boilerplate/test/unit/DbConfigTest.php (22)
in /usr/share/php/PHPUnit/Framework/TestCase.php (942)
in /usr/share/php/PHPUnit/Framework/TestCase.php (804)
2013/03/21 10:29:15 [error] [php] Trying to get property of non-object (/home/wirus/www/wiro-boilerplate/test/unit/DbConfigTest.php:22)
Stack trace:
#0 /usr/share/php/PHPUnit/Framework/TestCase.php(804): DbConfigTest->runTest()
#1 /usr/share/php/PHPUnit/Framework/TestResult.php(649): DbConfigTest->runBare()
#2 /usr/share/php/PHPUnit/Framework/TestCase.php(751): PHPUnit_Framework_TestResult->run()
#3 /usr/share/php/PHPUnit/Framework/TestSuite.php(772): DbConfigTest->run()
#4 /usr/share/php/PHPUnit/Framework/TestSuite.php(745): PHPUnit_Framework_TestSuite->runTest()
#5 /usr/share/php/PHPUnit/Framework/TestSuite.php(705): PHPUnit_Framework_TestSuite->run()
#6 /usr/share/php/PHPUnit/TextUI/TestRunner.php(325): NetBeansSuite->run()
#7 /usr/share/php/PHPUnit/TextUI/Command.php(192): PHPUnit_TextUI_TestRunner->doRun()
#8 /usr/share/php/PHPUnit/TextUI/Command.php(130): PHPUnit_TextUI_Command->run()
#9 /usr/bin/phpunit(46): main()

in /home/wirus/www/wiro-boilerplate/test/unit/DbConfigTest.php (22)
in /usr/share/php/PHPUnit/Framework/TestCase.php (942)
in /usr/share/php/PHPUnit/Framework/TestCase.php (804)
2013/03/21 10:31:19 [error] [php] Trying to get property of non-object (/home/wirus/www/wiro-boilerplate/test/unit/DbConfigTest.php:22)
Stack trace:
#0 /usr/share/php/PHPUnit/Framework/TestCase.php(804): DbConfigTest->runTest()
#1 /usr/share/php/PHPUnit/Framework/TestResult.php(649): DbConfigTest->runBare()
#2 /usr/share/php/PHPUnit/Framework/TestCase.php(751): PHPUnit_Framework_TestResult->run()
#3 /usr/share/php/PHPUnit/Framework/TestSuite.php(772): DbConfigTest->run()
#4 /usr/share/php/PHPUnit/Framework/TestSuite.php(745): PHPUnit_Framework_TestSuite->runTest()
#5 /usr/share/php/PHPUnit/Framework/TestSuite.php(705): PHPUnit_Framework_TestSuite->run()
#6 /usr/share/php/PHPUnit/TextUI/TestRunner.php(325): NetBeansSuite->run()
#7 /usr/share/php/PHPUnit/TextUI/Command.php(192): PHPUnit_TextUI_TestRunner->doRun()
#8 /usr/share/php/PHPUnit/TextUI/Command.php(130): PHPUnit_TextUI_Command->run()
#9 /usr/bin/phpunit(46): main()

in /home/wirus/www/wiro-boilerplate/test/unit/DbConfigTest.php (22)
in /usr/share/php/PHPUnit/Framework/TestCase.php (942)
in /usr/share/php/PHPUnit/Framework/TestCase.php (804)
2013/03/21 10:31:25 [error] [php] Trying to get property of non-object (/home/wirus/www/wiro-boilerplate/test/unit/DbConfigTest.php:22)
Stack trace:
#0 /usr/share/php/PHPUnit/Framework/TestCase.php(804): DbConfigTest->runTest()
#1 /usr/share/php/PHPUnit/Framework/TestResult.php(649): DbConfigTest->runBare()
#2 /usr/share/php/PHPUnit/Framework/TestCase.php(751): PHPUnit_Framework_TestResult->run()
#3 /usr/share/php/PHPUnit/Framework/TestSuite.php(772): DbConfigTest->run()
#4 /usr/share/php/PHPUnit/Framework/TestSuite.php(745): PHPUnit_Framework_TestSuite->runTest()
#5 /usr/share/php/PHPUnit/Framework/TestSuite.php(705): PHPUnit_Framework_TestSuite->run()
#6 /usr/share/php/PHPUnit/TextUI/TestRunner.php(325): NetBeansSuite->run()
#7 /usr/share/php/PHPUnit/TextUI/Command.php(192): PHPUnit_TextUI_TestRunner->doRun()
#8 /usr/share/php/PHPUnit/TextUI/Command.php(130): PHPUnit_TextUI_Command->run()
#9 /usr/bin/phpunit(46): main()

in /home/wirus/www/wiro-boilerplate/test/unit/DbConfigTest.php (22)
in /usr/share/php/PHPUnit/Framework/TestCase.php (942)
in /usr/share/php/PHPUnit/Framework/TestCase.php (804)
2013/03/21 10:31:27 [error] [php] Trying to get property of non-object (/home/wirus/www/wiro-boilerplate/test/unit/DbConfigTest.php:22)
Stack trace:
#0 /usr/share/php/PHPUnit/Framework/TestCase.php(804): DbConfigTest->runTest()
#1 /usr/share/php/PHPUnit/Framework/TestResult.php(649): DbConfigTest->runBare()
#2 /usr/share/php/PHPUnit/Framework/TestCase.php(751): PHPUnit_Framework_TestResult->run()
#3 /usr/share/php/PHPUnit/Framework/TestSuite.php(772): DbConfigTest->run()
#4 /usr/share/php/PHPUnit/Framework/TestSuite.php(745): PHPUnit_Framework_TestSuite->runTest()
#5 /usr/share/php/PHPUnit/Framework/TestSuite.php(705): PHPUnit_Framework_TestSuite->run()
#6 /usr/share/php/PHPUnit/TextUI/TestRunner.php(325): NetBeansSuite->run()
#7 /usr/share/php/PHPUnit/TextUI/Command.php(192): PHPUnit_TextUI_TestRunner->doRun()
#8 /usr/share/php/PHPUnit/TextUI/Command.php(130): PHPUnit_TextUI_Command->run()
#9 /usr/bin/phpunit(46): main()

in /home/wirus/www/wiro-boilerplate/test/unit/DbConfigTest.php (22)
in /usr/share/php/PHPUnit/Framework/TestCase.php (942)
in /usr/share/php/PHPUnit/Framework/TestCase.php (804)
2013/04/09 11:31:42 [error] [php] include(DbConfigValue.php): failed to open stream: No such file or directory (/home/wirus/www/yii-1.1.13.e9e4a0/YiiBase.php:421)
Stack trace:
#0 /home/wirus/www/yii-1.1.13.e9e4a0/test/CDbFixtureManager.php(299): import()
#1 /home/wirus/www/yii-1.1.13.e9e4a0/test/CDbTestCase.php(117): CDbFixtureManager->load()
#2 /home/wirus/www/fractal2/wiro/test/DbTestCase.php(21): wiro\test\DbConfigTest->setUp()
#3 /home/wirus/www/fractal2/wiro/test/unit/DbConfigTest.php(27): wiro\test\DbConfigTest->setUp()
#4 /usr/share/php/PHPUnit/Framework/TestCase.php(801): wiro\test\DbConfigTest->setUp()
#5 /usr/share/php/PHPUnit/Framework/TestResult.php(649): wiro\test\DbConfigTest->runBare()
#6 /usr/share/php/PHPUnit/Framework/TestCase.php(751): PHPUnit_Framework_TestResult->run()
#7 /usr/share/php/PHPUnit/Framework/TestSuite.php(772): wiro\test\DbConfigTest->run()
#8 /usr/share/php/PHPUnit/Framework/TestSuite.php(745): PHPUnit_Framework_TestSuite->runTest()
#9 /usr/share/php/PHPUnit/Framework/TestSuite.php(705): PHPUnit_Framework_TestSuite->run()
#10 /usr/share/php/PHPUnit/TextUI/TestRunner.php(325): NetBeansSuite->run()
#11 /usr/share/php/PHPUnit/TextUI/Command.php(192): PHPUnit_TextUI_TestRunner->doRun()
#12 /usr/share/php/PHPUnit/TextUI/Command.php(130): PHPUnit_TextUI_Command->run()
#13 /usr/bin/phpunit(46): main()

in /home/wirus/www/fractal2/wiro/test/DbTestCase.php (21)
in /home/wirus/www/fractal2/wiro/test/unit/DbConfigTest.php (27)
in /usr/share/php/PHPUnit/Framework/TestCase.php (801)
2013/04/09 11:32:28 [error] [php] include(DbConfigValue.php): failed to open stream: No such file or directory (/home/wirus/www/yii-1.1.13.e9e4a0/YiiBase.php:421)
Stack trace:
#0 /home/wirus/www/yii-1.1.13.e9e4a0/test/CDbFixtureManager.php(299): import()
#1 /home/wirus/www/yii-1.1.13.e9e4a0/test/CDbTestCase.php(117): CDbFixtureManager->load()
#2 /home/wirus/www/fractal2/wiro/test/DbTestCase.php(21): wiro\test\DbConfigTest->setUp()
#3 /home/wirus/www/fractal2/wiro/test/unit/DbConfigTest.php(27): wiro\test\DbConfigTest->setUp()
#4 /usr/share/php/PHPUnit/Framework/TestCase.php(801): wiro\test\DbConfigTest->setUp()
#5 /usr/share/php/PHPUnit/Framework/TestResult.php(649): wiro\test\DbConfigTest->runBare()
#6 /usr/share/php/PHPUnit/Framework/TestCase.php(751): PHPUnit_Framework_TestResult->run()
#7 /usr/share/php/PHPUnit/Framework/TestSuite.php(772): wiro\test\DbConfigTest->run()
#8 /usr/share/php/PHPUnit/Framework/TestSuite.php(745): PHPUnit_Framework_TestSuite->runTest()
#9 /usr/share/php/PHPUnit/Framework/TestSuite.php(705): PHPUnit_Framework_TestSuite->run()
#10 /usr/share/php/PHPUnit/TextUI/TestRunner.php(325): NetBeansSuite->run()
#11 /usr/share/php/PHPUnit/TextUI/Command.php(192): PHPUnit_TextUI_TestRunner->doRun()
#12 /usr/share/php/PHPUnit/TextUI/Command.php(130): PHPUnit_TextUI_Command->run()
#13 /usr/bin/phpunit(46): main()

in /home/wirus/www/fractal2/wiro/test/DbTestCase.php (21)
in /home/wirus/www/fractal2/wiro/test/unit/DbConfigTest.php (27)
in /usr/share/php/PHPUnit/Framework/TestCase.php (801)
